INFO:(20:54:58): Running scraper in headless mode
DEBUG:Starting new HTTP connection (1): httpbin.org:80
DEBUG:http://httpbin.org:80 "GET /get HTTP/1.1" 200 305
DEBUG:Starting new HTTPS connection (1): apexlegendsstatus.com:443
DEBUG:https://apexlegendsstatus.com:443 "GET /current-map HTTP/1.1" 200 None
DEBUG:Starting new HTTP connection (1): httpbin.org:80
DEBUG:http://httpbin.org:80 "GET /get HTTP/1.1" 200 305
DEBUG:Starting new HTTPS connection (1): apexlegendsstatus.com:443
DEBUG:https://apexlegendsstatus.com:443 "GET /current-map HTTP/1.1" 200 None
DEBUG:Starting new HTTP connection (1): httpbin.org:80
DEBUG:http://httpbin.org:80 "GET /get HTTP/1.1" 200 305
DEBUG:Starting new HTTPS connection (1): apexlegendsstatus.com:443
DEBUG:https://apexlegendsstatus.com:443 "GET /current-map HTTP/1.1" 200 None
DEBUG:Starting new HTTP connection (1): httpbin.org:80
DEBUG:http://httpbin.org:80 "GET /get HTTP/1.1" 200 305
DEBUG:Starting new HTTPS connection (1): apexlegendsstatus.com:443
DEBUG:https://apexlegendsstatus.com:443 "GET /current-map HTTP/1.1" 200 None
INFO:-- BEGIN Twilio API Request --
INFO:POST Request: https://api.twilio.com/2010-04-01/Accounts/AC10d655c887cdafc317accd82bc0e6ff6/Messages.json
INFO:Headers:
INFO:User-Agent : twilio-python/7.16.0 (Windows AMD64) Python/3.10.4
INFO:X-Twilio-Client : python-7.16.0
INFO:Accept-Charset : utf-8
INFO:Content-Type : application/x-www-form-urlencoded
INFO:Accept : application/json
INFO:-- END Twilio API Request --
DEBUG:Starting new HTTPS connection (1): api.twilio.com:443
DEBUG:https://api.twilio.com:443 "POST /2010-04-01/Accounts/AC10d655c887cdafc317accd82bc0e6ff6/Messages.json HTTP/1.1" 201 872
INFO:Response Status Code: 201
INFO:Response Headers: {'Date': 'Sat, 07 Jan 2023 14:29:59 GMT', 'Content-Type': 'application/json; charset=utf-8', 'Content-Length': '872', 'Connection': 'keep-alive', 'Twilio-Request-Id': 'RQ36430ccf745a2b4b1e022eda159a3a2b', 'Twilio-Request-Duration': '0.126', 'Access-Control-Allow-Origin': '*', 'Access-Control-Allow-Headers': 'Accept, Authorization, Content-Type, If-Match, If-Modified-Since, If-None-Match, If-Unmodified-Since, Idempotency-Key', 'Access-Control-Allow-Methods': 'GET, POST, DELETE, OPTIONS', 'Access-Control-Expose-Headers': 'ETag', 'Access-Control-Allow-Credentials': 'true', 'X-Powered-By': 'AT-5000', 'Twilio-Concurrent-Requests': '1', 'X-Shenanigans': 'none', 'X-Home-Region': 'us1', 'X-API-Domain': 'api.twilio.com', 'Strict-Transport-Security': 'max-age=31536000'}
